Determining if the function png_create_read_struct exists failed with the following output:
Change Dir: /home/Greg/Anamorphoses_JsDN/detector_training/build/dlib/CMakeFiles/CMakeTmp

Run Build Command:"/usr/bin/make.exe" "cmTC_4864d/fast"
make[1]: Entering directory '/home/Greg/Anamorphoses_JsDN/detector_training/build/dlib/CMakeFiles/CMakeTmp'
/usr/bin/make -f CMakeFiles/cmTC_4864d.dir/build.make CMakeFiles/cmTC_4864d.dir/build
make[2]: Entering directory '/home/Greg/Anamorphoses_JsDN/detector_training/build/dlib/CMakeFiles/CMakeTmp'
Building C object CMakeFiles/cmTC_4864d.dir/CheckFunctionExists.c.obj
/mingw64/bin/cc.exe    -DCHECK_FUNCTION_EXISTS=png_create_read_struct   -o CMakeFiles/cmTC_4864d.dir/CheckFunctionExists.c.obj   -c /usr/share/cmake-3.6.2/Modules/CheckFunctionExists.c
Linking C executable cmTC_4864d
/usr/bin/cmake.exe -E cmake_link_script CMakeFiles/cmTC_4864d.dir/link.txt --verbose=1
/mingw64/bin/cc.exe   -DCHECK_FUNCTION_EXISTS=png_create_read_struct    CMakeFiles/cmTC_4864d.dir/CheckFunctionExists.c.obj  -o cmTC_4864d  /mingw64/lib/libpng.a 
C:/msys64/mingw64/lib/libpng.a(pngread.o):(.text+0x4909): undefined reference to `inflateEnd'
C:/msys64/mingw64/lib/libpng.a(pngrutil.o):(.text+0x2d2): undefined reference to `inflateReset2'
C:/msys64/mingw64/lib/libpng.a(pngrutil.o):(.text+0x311): undefined reference to `inflateInit2_'
C:/msys64/mingw64/lib/libpng.a(pngrutil.o):(.text+0x35c): undefined reference to `inflateValidate'
C:/msys64/mingw64/lib/libpng.a(pngrutil.o):(.text+0xbcd): undefined reference to `inflateReset'
C:/msys64/mingw64/lib/libpng.a(pngrutil.o):(.text+0x5497): undefined reference to `inflateReset'
C:/msys64/mingw64/lib/libpng.a(pngrutil.o):(.text+0x92e): undefined reference to `inflate'
C:/msys64/mingw64/lib/libpng.a(pngwutil.o):(.text+0x2c5): undefined reference to `deflateInit2_'
C:/msys64/mingw64/lib/libpng.a(pngwutil.o):(.text+0x311): undefined reference to `deflateEnd'
C:/msys64/mingw64/lib/libpng.a(pngwutil.o):(.text+0x39f): undefined reference to `deflateReset'
C:/msys64/mingw64/lib/libpng.a(pngwutil.o):(.text+0x62d): undefined reference to `deflate'
C:/msys64/mingw64/lib/libpng.a(pngwutil.o):(.text+0x25fd): undefined reference to `deflate'
C:/msys64/mingw64/lib/libpng.a(png.o):(.text+0x1410): undefined reference to `crc32'
C:/msys64/mingw64/lib/libpng.a(png.o):(.text+0x1488): undefined reference to `crc32'
C:/msys64/mingw64/lib/libpng.a(png.o):(.text+0x2897): undefined reference to `adler32'
C:/msys64/mingw64/lib/libpng.a(png.o):(.text+0x28a4): undefined reference to `adler32'
C:/msys64/mingw64/lib/libpng.a(png.o):(.text+0x28b5): undefined reference to `crc32'
C:/msys64/mingw64/lib/libpng.a(png.o):(.text+0x28c2): undefined reference to `crc32'
C:/msys64/mingw64/lib/libpng.a(png.o):(.text+0x1c8d): undefined reference to `inflateReset'
C:/msys64/mingw64/lib/libpng.a(pngwrite.o):(.text+0x1aa8): undefined reference to `deflateEnd'
collect2.exe: error: ld returned 1 exit status
make[2]: *** [CMakeFiles/cmTC_4864d.dir/build.make:99: cmTC_4864d] Error 1
make[2]: Leaving directory '/home/Greg/Anamorphoses_JsDN/detector_training/build/dlib/CMakeFiles/CMakeTmp'
make[1]: *** [Makefile:126: cmTC_4864d/fast] Error 2
make[1]: Leaving directory '/home/Greg/Anamorphoses_JsDN/detector_training/build/dlib/CMakeFiles/CMakeTmp'


